2017-04-13 14:02:16,901 [localhost-startStop-1] [INFO ] (o.j.a.s.v.c.EnvironmentConversionRunner:65) - Running environment pre bootstrap conversion for version 1.0.0
2017-04-13 14:02:17,317 [localhost-startStop-1] [INFO ] (o.j.a.s.AccessApplicationContext:23) - Refreshing org.jfrog.access.server.AccessApplicationContext@2b5aa5b5: startup date [Thu Apr 13 14:02:17 UTC 2017]; root of context hierarchy
2017-04-13 14:02:18,005 [localhost-startStop-1] [INFO ] (o.j.a.s.d.u.AccessJdbcHelper:72) - Database: Apache Derby 10.11.1.1 - (1616546). Driver: Apache Derby Embedded JDBC Driver 10.11.1.1 - (1616546)
2017-04-13 14:02:18,007 [localhost-startStop-1] [INFO ] (o.j.a.s.d.u.AccessJdbcHelper:74) - Connection URL: jdbc:derby:/opt/jfrog/artifactory/data/derby
2017-04-13 14:02:18,403 [localhost-startStop-1] [INFO ] (o.j.a.s.d.u.AccessJdbcHelper:83) - ***Creating database schema***
2017-04-13 14:02:18,788 [localhost-startStop-1] [INFO ] (o.j.a.s.s.TokenServiceImpl:72) - Scheduling task for revoking expired tokens using cron expression: 0 0 0/1 * * ?
2017-04-13 14:02:18,813 [localhost-startStop-1] [INFO ] (o.j.a.s.AccessServerBootstrap:284) - [ACCESS BOOTSTRAP] Generating private key and root certificate
2017-04-13 14:02:20,176 [localhost-startStop-1] [INFO ] (o.j.a.s.AccessServerBootstrap:182) - [ACCESS BOOTSTRAP] Server name not found in access properties. Setting server name: 52b1754a-3f58-4867-af40-1731ceafd419
2017-04-13 14:02:20,199 [localhost-startStop-1] [INFO ] (o.j.a.s.AccessServerBootstrap:171) - [ACCESS BOOTSTRAP] Updating server '52b1754a-3f58-4867-af40-1731ceafd419' private key finger print to: c0408f20ee26174a4e9efa552e55eda92413c4ce731faa5b341c0f3a99f22c45
2017-04-13 14:02:20,269 [localhost-startStop-1] [INFO ] (o.j.a.s.AccessServerBootstrap:355) - [ACCESS BOOTSTRAP] No admin user exists - creating default admin user.
2017-04-13 14:02:20,383 [localhost-startStop-1] [INFO ] (o.j.a.s.v.c.EnvironmentConversionRunner:91) - Running environment post bootstrap conversion for version 1.0.0
2017-04-13 14:02:20,450 [art-init] [INFO ] (o.a.w.s.ArtifactoryContextConfigListener:269) - 
                _   _  __           _                      ____   _____ _____
     /\        | | (_)/ _|         | |                    / __ \ / ____/ ____|
    /  \   _ __| |_ _| |_ __ _  ___| |_ ___  _ __ _   _  | |  | | (___| (___
   / /\ \ | '__| __| |  _/ _` |/ __| __/ _ \| '__| | | | | |  | |\___ \\___ \
  / ____ \| |  | |_| | || (_| | (__| || (_) | |  | |_| | | |__| |____) |___) |
 /_/    \_\_|   \__|_|_| \__,_|\___|\__\___/|_|   \__, |  \____/|_____/_____/
 Version:  5.2.0                                   __/ |
 Revision: 50024                                  |___/
 Artifactory Home: '/opt/jfrog/artifactory'

2017-04-13 14:02:20,636 [art-init] [INFO ] (o.a.s.ArtifactoryApplicationContext:433) - Artifactory application context set to NOT READY by refresh
2017-04-13 14:02:20,646 [art-init] [INFO ] (o.a.s.ArtifactoryApplicationContext:213) - Refreshing Artifactory: startup date [Thu Apr 13 14:02:20 UTC 2017]; root of context hierarchy
2017-04-13 14:02:23,949 [art-init] [INFO ] (o.a.s.d.DbServiceImpl:191) - Database: Apache Derby 10.11.1.1 - (1616546). Driver: Apache Derby Embedded JDBC Driver 10.11.1.1 - (1616546)
2017-04-13 14:02:23,950 [art-init] [INFO ] (o.a.s.d.DbServiceImpl:193) - Connection URL: jdbc:derby:/opt/jfrog/artifactory/data/derby
2017-04-13 14:02:23,976 [art-init] [INFO ] (o.a.s.d.DbServiceImpl:107) - ***Creating database schema***
2017-04-13 14:02:26,387 [art-init] [INFO ] (o.j.s.b.p.t.BinaryProviderClassScanner:76) - Added 'blob' from jar:file:/opt/jfrog/artifactory/tomcat/webapps/artifactory/WEB-INF/lib/artifactory-storage-db-5.2.0.jar!/
2017-04-13 14:02:26,399 [art-init] [INFO ] (o.j.s.b.p.t.BinaryProviderClassScanner:76) - Added 'empty, external-file, external-wrapper, file-system, cache-fs, retry' from jar:file:/opt/jfrog/artifactory/tomcat/webapps/artifactory/WEB-INF/lib/binary-store-core-2.0.9.jar!/
2017-04-13 14:02:28,897 [art-init] [INFO ] (o.a.s.ArtifactorySchedulerFactoryBean:647) - Starting Quartz Scheduler now
2017-04-13 14:02:29,017 [art-init] [INFO ] (o.a.s.ArtifactoryApplicationContext:220) - Artifactory context starting up 38 Spring Beans...
2017-04-13 14:02:29,051 [art-init] [INFO ] (o.a.c.CentralConfigServiceImpl:208) - Loading bootstrap configuration (artifactory home dir is /opt/jfrog/artifactory).
2017-04-13 14:02:29,490 [art-init] [INFO ] (o.a.c.CentralConfigServiceImpl:250) - Saving new configuration in storage...
2017-04-13 14:02:29,543 [art-init] [INFO ] (o.a.c.CentralConfigServiceImpl:254) - New configuration saved.
2017-04-13 14:02:31,238 [art-init] [INFO ] (o.j.a.s.a.TokenAuditor:41) - [AUDIT] Token created by 'admin': tokenId='e4df94f2-8382-47dc-8522-438550a4d61b', issuer='jf-artifactory@9a4da3dd-348b-4c4a-8108-cfc0c06fe070', subject='jf-artifactory@9a4da3dd-348b-4c4a-8108-cfc0c06fe070', expiry=2438172151218, refreshable=false
2017-04-13 14:02:31,470 [art-init] [INFO ] (o.a.i.InfoWriter    :87) - 

 SYSTEM INFORMATION DUMP
 =======================

 User Info
 ========================
   user.dir                                                              | /
   user.home                                                             | /home/artifactory
   user.language                                                         | en
   user.name                                                             | artifactory
   user.timezone                                                         | Etc/UTC

 Host Info
 ========================
   Available Processors                                                  | 2
   Heap Memory Usage-Commited                                            | 536870912
   Heap Memory Usage-Init                                                | 536870912
   Heap Memory Usage-Max                                                 | 2147483648
   Heap Memory Usage-Used                                                | 141033496
   Non-Heap Memory Usage-Commited                                        | 92340224
   Non-Heap Memory Usage-Init                                            | 2555904
   Non-Heap Memory Usage-Max                                             | -1
   Non-Heap Memory Usage-Used                                            | 88843560
   os.arch                                                               | amd64
   os.name                                                               | Linux
   os.version                                                            | 4.4.41-moby

 Artifactory Info
 ========================
   artifactory.runMode.test                                              | false
   artifactory.runMode.qa                                                | false
   artifactory.runMode.dev                                               | false
   artifactory.runMode.devHa                                             | false
   artifactory.version                                                   | 5.2.0
   artifactory.revision                                                  | 50024
   artifactory.timestamp                                                 | 1490625068953
   artifactory.servlet.supportUrlSessionTracking                         | false
   artifactory.addons.disabled                                           | 
   artifactory.addons.info.url                                           | http://service.jfrog.org/artifactory/addons/info/%s
   artifactory.addons.info.url                                           | http://www.jfrog.com/confluence/display/RTF/%s
   artifactory.async.corePoolSize                                        | 8
   artifactory.async.poolTtlSecs                                         | 60
   artifactory.async.poolMaxQueueSize                                    | 10000
   artifactory.versioningQueryIntervalSecs                               | 7200
   artifactory.logs.viewRefreshRateSecs                                  | 10
   artifactory.locks.timeoutSecs                                         | 120
   artifactory.locks.debugTimeouts                                       | false
   artifactory.task.completionLockTimeoutRetries                         | 100
   artifactory.repo.concurrentDownloadSyncTimeoutSecs                    | 900
   artifactory.repo.downloadStatsEnabled                                 | true
   artifactory.repo.global.disabled                                      | true
   artifactory.fsitem.cache.idleTimeSecs                                 | 1200
   artifactory.docker.tokens.cache.idleTimeSecs                          | 240
   artifactory.artifactory.tokens.cache.idleTimeSecs                     | 300
   artifactory.cacheFS.sync.quietPeriodSecs                              | 900
   artifactory.search.maxResults                                         | 500
   artifactory.search.userQueryLimit                                     | 1000
   artifactory.search.content.maxFragments                               | 500
   artifactory.search.content.maxFragmentsSize                           | 5000
   artifactory.search.archive.minQueryLength                             | 3
   artifactory.search.pattern.timeoutSecs                                | 30
   artifactory.gc.useIndex                                               | false
   artifactory.gc.intervalSecs                                           | 86400
   artifactory.gc.delaySecs                                              | 7200
   artifactory.gc.sleepBetweenNodesMillis                                | 20
   artifactory.gc.scanStartSleepingThresholdMillis                       | 20000
   artifactory.gc.scanSleepBetweenIterationsMillis                       | 200
   artifactory.gc.fileScanSleepIterationMillis                           | 1000
   artifactory.gc.fileScanSleepMillis                                    | 250
   artifactory.gc.maxCacheEntries                                        | 10000
   artifactory.gc.readersMaxTimeSecs                                     | 10800
   artifactory.gc.failCount.threshold                                    | 3
   artifactory.traffic.collectionActive                                  | false
   artifactory.security.authentication.cache.initSize                    | 100
   artifactory.security.authentication.cache.idleTimeSecs                | 300
   artifactory.security.userLastAccessUpdatesResolutionSecs              | 5
   artifactory.security.master.key                                       | ************************
   artifactory.security.master.key.numOfFallbackKeys                     | *
   artifactory.security.disableRememberMe                                | false
   artifactory.security.ldap.forceGroupMemberAttFullDN                   | false
   artifactory.security.ldap.disable.group.search.attributes.limitation  | false
   artifactory.security.ldap.group.search.filterThreshold                | 0
   artifactory.enable.aql.read.committed                                 | false
   artifactory.mvn.central.hostPattern                                   | .maven.org
   artifactory.mvn.central.indexerMaxQueryIntervalSecs                   | 86400
   artifactory.mvn.metadata.plugin.calculation.workers                   | 2
   artifactory.mvn.metadata.calculation.workers                          | 8
   artifactory.mvn.dynamicMetadata.cacheRetentionSecs                    | 10
   artifactory.mvn.metadata.version3.enabled                             | true
   artifactory.mvn.custom.types                                          | tar.gz,tar.bz2
   artifactory.request.disableVersionTokens                              | false
   artifactory.request.searchLatestReleaseByDateCreated                  | false
   artifactory.build.maxFoldersToScanForDeletionWarnings                 | 2
   artifactory.build.checksum.cache.idleTimeSecs                         | 300
   artifactory.updates.refreshIntervalSecs                               | 14400
   artifactory.updates.url                                               | http://service.jfrog.org/artifactory/updates
   artifactory.artifactoryRequestsToGlobalCanRetrieveRemoteArtifacts     | false
   artifactory.ui.syntaxColoringMaxTextSizeBytes                         | 512000
   artifactory.plugin.scripts.refreshIntervalSecs                        | 0
   artifactory.plugin.aol.support                                        | false
   artifactory.aol.dedicated.server                                      | false
   artifactory.aol.displayAccountManagementLink                          | true
   artifactory.aol.security.http.sso.enable                              | false
   artifactory.file.roller.maxFileToRetain                               | 10
   artifactory.backup.fileExportSleepIterationMillis                     | 2000
   artifactory.backup.fileExportSleepMillis                              | 250
   artifactory.http.acceptEncoding.gzip                                  | true
   artifactory.http.useExpectContinue                                    | false
   artifactory.http.forceForbiddenResponse                               | false
   artifactory.http.connectionPool.timeToLive                            | 30
   artifactory.http.enableCookieManagement                               | false
   artifactory.filtering.resourceSizeKb                                  | 64
   artifactory.repo.remote.checkForExistingResourceOnRequest             | true
   artifactory.version.query.enabled                                     | true
   artifactory.response.disableContentDispositionFilename                | false
   artifactory.composer.metadata.extractor.workers                       | 20
   artifactory.composer.metadata.index.workers                           | 10
   artifactory.chef.metadata.index.workers                               | 10
   artifactory.yum.virtual.metadata.calculation.workers                  | 5
   artifactory.yum.calculationRequest.aggregationTimeWindowSecs          | 60
   artifactory.yum.calculationRequest.aggregationCycleSecs               | 60
   artifactory.debian.metadata.calculation.workers                       | 8
   artifactory.debian.remote.etag                                        | true
   artifactory.debian.metadata.validation                                | true
   artifactory.archive.licenseFile.names                                 | license,LICENSE,license.txt,LICENSE.txt,LICENSE.TXT
   artifactory.ui.search.maxRowsPerPage                                  | 20
   artifactory.replication.checksumDeploy.minSizeKb                      | 10
   artifactory.replication.consumer.queueSize                            | 1
   artifactory.replication.local.iteration.sleepThresholdMillis          | 1000
   artifactory.replication.local.iteration.sleepMillis                   | 100
   artifactory.replication.event.queue.size                              | 50000
   artifactory.replication.properties.max.length                         | 100000
   artifactory.replication.statistics.max.length                         | 5000
   artifactory.request.explodedArchiveExtensions                         | zip,tar,tar.gz,tgz
   artifactory.bintray.jcenter.url                                       | http://jcenter.bintray.com
   artifactory.bintray.url                                               | https://bintray.com
   artifactory.bintray.api.url                                           | https://api.bintray.com
   artifactory.bintray.token.expirySecs                                  | 3600
   artifactory.bintray.distributionRegex.timeoutMillis                   | 180000
   artifactory.bintray.ui.hideUploads                                    | false
   artifactory.bintray.ui.hideInfo                                       | false
   artifactory.bintray.ui.hideRemoteSearch                               | false
   artifactory.bintray.client.threadPool.size                            | 5
   artifactory.enable.ui.pages.in.Iframe                                 | false
   artifactory.bintray.client.requestTimeoutMS                           | 150000
   artifactory.bintray.client.distribution.requestTimeoutMS              | 30000
   artifactory.bintray.client.signRequestTimeoutMS                       | 45000
   artifactory.useUserNameAutoCompleteOnLogin                            | on
   artifactory.ui.hideEncryptedPassword                                  | *****
   artifactory.stats.flushIntervalSecs                                   | 30
   artifactory.stats.remote.flushIntervalSecs                            | 35
   artifactory.stats.flushTimeoutSecs                                    | 120
   artifactory.integrationCleanup.intervalSecs                           | 300
   artifactory.integrationCleanup.quietPeriodSecs                        | 60
   artifactory.folderPruning.intervalSecs                                | 300
   artifactory.folderPruning.quietPeriodSecs                             | 60
   artifactory.repo.virtualCacheCleanup.maxAgeHours                      | 168
   artifactory.repo.virtualCacheCleanup.pattern                          | *.pom
   artifactory.security.authentication.password.salt                     | ****************
   artifactory.db.idGenerator.fetch.amount                               | 2000
   artifactory.db.idGenerator.max.update.retries                         | 50
   artifactory.gems.localIndexTaskIntervalSecs                           | 30
   artifactory.gems.virtualIndexTaskIntervalSecs                         | 300
   artifactory.gems.gemsIndexTaskQueueLimit                              | 20000
   artifactory.gems.gemsAfterRepoInitHack                                | true
   artifactory.security.authentication.crowd.group.startIndex            | 0
   artifactory.security.authentication.crowd.group.maxResults            | 9999
   artifactory.ui.hideChecksums                                          | false
   artifactory.archive.indexer.intervalSecs                              | 60
   artifactory.xray.indexer.intervalSecs                                 | 60
   artifactory.xray.force.reindex                                        | false
   artifactory.xray.scanBuild.httpClient.max.connections                 | 30
   artifactory.nuget.inMemoryRemoteCaches                                | true
   artifactory.nuget.forceAuthentication                                 | false
   artifactory.nuget.allowRootGetWithAnon                                | false
   artifactory.ha.heartbeat.intervalSecs                                 | 5
   artifactory.ha.heartbeat.staleSecs                                    | 30
   artifactory.ha.heartbeat.recently.worked.trigger.days                 | 7
   artifactory.binary.store.error.notification.intervalSecs              | 30
   artifactory.binary.store.error.notification.staleSecs                 | 30
   artifactory.ha.membersIntroduction.intervalSecs                       | 30
   artifactory.ha.membersIntroduction.staleSecs                          | 30
   artifactory.npm.index.quietPeriodSecs                                 | 60
   artifactory.npm.index.cycleSecs                                       | 60
   artifactory.import.max.parallelRepos                                  | 1
   artifactory.debian.distribution.path                                  | dists
   artifactory.opkg.index.quietPeriodSecs                                | 60
   artifactory.opkg.index.cycleSecs                                      | 2
   artifactory.debian.default.architectures                              | i386,amd64
   artifactory.pypi.index.quietPeriodSecs                                | 60
   artifactory.pypi.index.sleepMilliSecs                                 | 60
   artifactory.docker.cleanup.maxAgeMillis                               | 86400000
   artifactory.docker.tags.cleanup.intervalSecs                          | 300
   artifactory.docker.tags.cleanup.quietPeriodSecs                       | 60
   artifactory.http.range.support                                        | true
   artifactory.acl.dirty.read.timeout                                    | 20000
   artifactory.central.config.dirty.read.timeout.millis                  | 2000
   artifactory.repositories.dirty.read.timeout.millis                    | 5000
   artifactory.ping.allowUnauthenticated                                 | false
   artifactory.repo.http.idleConnectionMonitorInterval                   | 10
   artifactory.repo.http.disableIdleConnectionMonitoring                 | false
   artifactory.support.core.bundle.contentCollectionAwaitTimeout         | 60
   artifactory.support.core.bundle.waitForSlotBeforeWithdraw             | 600
   artifactory.support.core.bundle.maxBundles                            | 5
   artifactory.binary.provider.zones                                     | a,b,c
   artifactory.binary.provider.prune.chunk.size                          | 500
   artifactory.properties.search.chunk.size                              | 500
   artifactory.security.useFrontCacheForBlockedUsers                     | true
   artifactory.security.loginBlockDelay                                  | 500
   artifactory.security.password.expiry.passwordExpireNotificationJobIntervalSecs| *****
   artifactory.security.password.expiry.passwordExpireJobIntervalSecs    | *****
   artifactory.security.password.expiry.daysToNotifyBefore               | *
   artifactory.http.client.max.total.connections                         | 50
   artifactory.http.client.max.connections.per.route                     | 50
   artifactory.hazelcast.max.lock.lease.time.seconds                     | 30
   artifactory.repo.remote.blockedMismatchingMimeTypes                   | text/html,application/xhtml+xml
   artifactory.mvn.metadata.calculation.skip.delete.event                | false
   artifactory.repo.remote.browsing.content.length.limit.KB              | 1024
   artifactory.hazelcast.management                                      | false
   artifactory.sumologic.api.url                                         | https://auth.sumologic.com
   artifactory.move.copy.max.folder.cache.size                           | 1000000
   artifactory.move.copy.default.transaction.size                        | 1000
   artifactory.node.properties.replace.all                               | false
   artifactory.node.properties.log.performance                           | false
   artifactory.workQueue.execution.syncExecutionTimeoutMillis            | 120000
   artifactory.security.communication.constant                           | ArtifactorySecurityCommunicationConstant
   artifactory.nuget.disablePermissionCheck                              | false
   artifactory.treebrowser.sortRepositories.sortByType                   | virtual,distribution,local,remote
   artifactory.maven.metadata.publishModelVersion                        | true
   artifactory.access.token.expiresIn.default                            | 3600
   artifactory.puppet.metadata.calculation.workers                       | 5
   artifactory.puppet.reindex.period                                     | 1800
   artifactory.puppet.additional.modulegroup                             | 
   artifactory.puppet.additional.endorsement                             | 
   artifactory.onboarding.skipWizard                                     | false
   artifactory.configuration.manager.retry.amount                        | 3
   artifactory.aggregation.time.window.secs                              | 60
   artifactory.most.downloaded.cache.idleTimeSecs                        | 900
   artifactory.home                                                      | /opt/jfrog/artifactory

 Java System Info
 ========================
   java.class.version                                                    | 52.0
   java.home                                                             | /usr/lib/jvm/java-8-openjdk-amd64/jre
   java.io.tmpdir                                                        | /opt/jfrog/artifactory/tomcat/temp
   java.runtime.name                                                     | OpenJDK Runtime Environment
   java.runtime.version                                                  | 1.8.0_102-8u102-b14.1-1~bpo8+1-b14
   java.specification.name                                               | Java Platform API Specification
   java.specification.vendor                                             | Oracle Corporation
   java.specification.version                                            | 1.8
   java.vendor                                                           | Oracle Corporation
   java.vendor.url                                                       | http://java.oracle.com/
   java.vendor.url.bug                                                   | http://bugreport.sun.com/bugreport/
   java.version                                                          | 1.8.0_102
   java.vm.info                                                          | mixed mode
   java.vm.name                                                          | OpenJDK 64-Bit Server VM
   java.vm.specification.name                                            | Java Virtual Machine Specification
   java.vm.specification.vendor                                          | Oracle Corporation
   java.vm.specification.version                                         | 1.8
   java.vm.vendor                                                        | Oracle Corporation
   java.vm.version                                                       | 25.102-b14
   sun.arch.data.model                                                   | 64
   sun.boot.library.path                                                 | /usr/lib/jvm/java-8-openjdk-amd64/jre/lib/amd64
   sun.cpu.endian                                                        | little
   sun.cpu.isalist                                                       | 
   sun.io.unicode.encoding                                               | UnicodeLittle
   sun.java.launcher                                                     | SUN_STANDARD
   sun.jnu.encoding                                                      | UTF-8
   sun.management.compiler                                               | HotSpot 64-Bit Tiered Compilers
   sun.os.patch.level                                                    | unknown
   JVM Input arguments                                                   | -Djava.util.logging.config.file=/opt/jfrog/artifactory/tomcat/conf/logging.properties
                                                                         | -Djava.util.logging.manager=org.apache.juli.ClassLoaderLogManager
                                                                         | -Djdk.tls.ephemeralDHKeySize=****
                                                                         | -Djava.protocol.handler.pkgs=org.apache.catalina.webresources
                                                                         | -Xms512m
                                                                         | -Xmx2g
                                                                         | -Xss256k
                                                                         | -XX:+UseG1GC
                                                                         | -XX:OnOutOfMemoryError=kill -9 %p
                                                                         | -Djruby.compile.invokedynamic=false
                                                                         | -Dfile.encoding=UTF8
                                                                         | -Dartdist=zip
                                                                         | -Dorg.apache.tomcat.util.buf.UDecoder.ALLOW_ENCODED_SLASH=true
                                                                         | -Djava.security.egd=file:/dev/./urandom
                                                                         | -Dartifactory.home=/opt/jfrog/artifactory
                                                                         | -Dfile.encoding=UTF8
                                                                         | -Djruby.compile.invokedynamic=false
                                                                         | -Djava.endorsed.dirs=/opt/jfrog/artifactory/tomcat/endorsed
                                                                         | -Dcatalina.base=/opt/jfrog/artifactory/tomcat
                                                                         | -Dcatalina.home=/opt/jfrog/artifactory/tomcat
                                                                         | -Djava.io.tmpdir=/opt/jfrog/artifactory/tomcat/temp

 Java Class Path Info
 ========================
   sun.boot.class.path                                                   | /usr/lib/jvm/java-8-openjdk-amd64/jre/lib/resources.jar
                                                                         | /usr/lib/jvm/java-8-openjdk-amd64/jre/lib/rt.jar
                                                                         | /usr/lib/jvm/java-8-openjdk-amd64/jre/lib/sunrsasign.jar
                                                                         | /usr/lib/jvm/java-8-openjdk-amd64/jre/lib/jsse.jar
                                                                         | /usr/lib/jvm/java-8-openjdk-amd64/jre/lib/jce.jar
                                                                         | /usr/lib/jvm/java-8-openjdk-amd64/jre/lib/charsets.jar
                                                                         | /usr/lib/jvm/java-8-openjdk-amd64/jre/lib/jfr.jar
                                                                         | /usr/lib/jvm/java-8-openjdk-amd64/jre/classes
   java.library.path                                                     | /usr/java/packages/lib/amd64:/usr/lib/x86_64-linux-gnu/jni:/lib/x86_64-linux-gnu:/usr/lib/x86_64-linux-gnu:/usr/lib/jni:/lib:/usr/lib
   java.endorsed.dirs                                                    | /opt/jfrog/artifactory/tomcat/endorsed
   java.ext.dirs                                                         | /usr/lib/jvm/java-8-openjdk-amd64/jre/lib/ext:/usr/java/packages/lib/ext
   java.class.path                                                       | /opt/jfrog/artifactory/tomcat/bin/bootstrap.jar
                                                                         | /opt/jfrog/artifactory/tomcat/bin/tomcat-juli.jar

2017-04-13 14:02:31,782 [art-init] [INFO ] (o.a.s.SecurityServiceImpl:2240) - Creating the default super user 'admin', since no admin user exists!
2017-04-13 14:02:31,897 [art-init] [INFO ] (o.a.s.SecurityServiceImpl:2267) - Creating the default anonymous user, since it does not exist!
2017-04-13 14:02:32,081 [art-init] [INFO ] (o.a.c.c.ConfigurationManagerImpl:378) - Replacing temporary DB channel with permanent DB channel
2017-04-13 14:02:32,088 [art-init] [INFO ] (o.a.c.c.ConfigurationManagerImpl:381) - Successfully closed temporary DB channel
2017-04-13 14:02:32,133 [Thread-5] [INFO ] (o.a.c.c.w.FileWatchingManager:63) - Starting watch of folder configurations
2017-04-13 14:02:32,159 [art-init] [INFO ] (o.a.c.c.ConfigurationManagerImpl:276) - [Node ID: 6dc95ec43d25b1c8:-6a18286b:15b679f20da:-8000] detected local modify for config 'db.properties'
2017-04-13 14:02:32,193 [art-init] [INFO ] (o.a.c.c.ConfigurationManagerImpl:276) - [Node ID: 6dc95ec43d25b1c8:-6a18286b:15b679f20da:-8000] detected local modify for config 'artifactory.system.properties'
2017-04-13 14:02:32,204 [art-init] [INFO ] (o.a.c.c.ConfigurationManagerImpl:276) - [Node ID: 6dc95ec43d25b1c8:-6a18286b:15b679f20da:-8000] detected local modify for config 'artifactory.mimeType'
2017-04-13 14:02:32,221 [art-init] [INFO ] (o.a.c.c.ConfigurationManagerImpl:276) - [Node ID: 6dc95ec43d25b1c8:-6a18286b:15b679f20da:-8000] detected local modify for config 'artifactory.binarystore.xml'
2017-04-13 14:02:32,281 [art-init] [INFO ] (o.a.s.ArtifactoryApplicationContext:433) - Artifactory application context set to READY by refresh
2017-04-13 14:02:32,284 [art-init] [INFO ] (o.a.c.ConvertersManagerImpl:206) - Sending configuration update message to slaves
2017-04-13 14:02:32,325 [art-init] [INFO ] (o.a.w.s.ArtifactoryContextConfigListener:215) - 
###########################################################
### Artifactory successfully started (11.887 seconds)   ###
###########################################################

2017-04-13 14:05:36,992 [http-nio-8081-exec-9] [INFO ] (o.a.s.SecurityServiceImpl:1067) - Password for user 'admin' has been successfully changed
2017-04-13 14:06:38,901 [http-nio-8081-exec-8] [INFO ] (o.a.u.r.s.a.c.r.CreateRepositoryConfigService:86) - Creating repository libs-snapshot-local
2017-04-13 14:06:38,923 [http-nio-8081-exec-8] [INFO ] (o.a.u.r.s.a.c.r.CreateRepositoryConfigService:86) - Creating repository libs-release-local
2017-04-13 14:06:38,936 [http-nio-8081-exec-8] [INFO ] (o.a.u.r.s.a.c.r.CreateRepositoryConfigService:86) - Creating repository jcenter
2017-04-13 14:06:38,946 [http-nio-8081-exec-8] [INFO ] (o.a.u.r.s.a.c.r.CreateRepositoryConfigService:86) - Creating repository libs-snapshot
2017-04-13 14:06:38,956 [http-nio-8081-exec-8] [INFO ] (o.a.u.r.s.a.c.r.CreateRepositoryConfigService:86) - Creating repository libs-release
2017-04-13 14:06:39,075 [http-nio-8081-exec-8] [INFO ] (o.a.c.CentralConfigServiceImpl:394) - Reloading configuration...
2017-04-13 14:06:39,079 [http-nio-8081-exec-8] [INFO ] (o.a.c.CentralConfigServiceImpl:250) - Saving new configuration in storage...
2017-04-13 14:06:39,144 [http-nio-8081-exec-8] [INFO ] (o.a.c.CentralConfigServiceImpl:254) - New configuration saved.
2017-04-13 14:06:39,146 [http-nio-8081-exec-8] [INFO ] (o.a.s.ArtifactoryApplicationContext:433) - Artifactory application context set to NOT READY by reload
2017-04-13 14:06:39,504 [http-nio-8081-exec-8] [INFO ] (o.a.s.ArtifactoryApplicationContext:433) - Artifactory application context set to READY by reload
2017-04-13 14:06:39,507 [http-nio-8081-exec-8] [INFO ] (o.a.c.CentralConfigServiceImpl:406) - Configuration reloaded.
2017-04-13 14:06:39,730 [http-nio-8081-exec-8] [INFO ] (o.a.r.o.YamlConfigCreator:53) - Saving bootstrap settings to artifactory.config.20170413.140639.yml
2017-04-13 14:11:01,141 [localhost-startStop-1] [INFO ] (o.j.a.s.AccessApplicationContext:23) - Refreshing org.jfrog.access.server.AccessApplicationContext@42479789: startup date [Thu Apr 13 14:11:01 UTC 2017]; root of context hierarchy
2017-04-13 14:11:01,592 [localhost-startStop-1] [INFO ] (o.j.a.s.d.u.AccessJdbcHelper:72) - Database: Apache Derby 10.11.1.1 - (1616546). Driver: Apache Derby Embedded JDBC Driver 10.11.1.1 - (1616546)
2017-04-13 14:11:01,594 [localhost-startStop-1] [INFO ] (o.j.a.s.d.u.AccessJdbcHelper:74) - Connection URL: jdbc:derby:/opt/jfrog/artifactory/data/derby
2017-04-13 14:11:01,918 [localhost-startStop-1] [INFO ] (o.j.a.s.s.TokenServiceImpl:72) - Scheduling task for revoking expired tokens using cron expression: 0 0 0/1 * * ?
2017-04-13 14:11:02,134 [localhost-startStop-1] [INFO ] (o.j.a.s.AccessServerBootstrap:171) - [ACCESS BOOTSTRAP] Updating server '52b1754a-3f58-4867-af40-1731ceafd419' private key finger print to: c0408f20ee26174a4e9efa552e55eda92413c4ce731faa5b341c0f3a99f22c45
2017-04-13 14:11:02,304 [art-init] [INFO ] (o.a.w.s.ArtifactoryContextConfigListener:269) - 
                _   _  __           _                     _____
     /\        | | (_)/ _|         | |                   |  __ \
    /  \   _ __| |_ _| |_ __ _  ___| |_ ___  _ __ _   _  | |__) | __ ___
   / /\ \ | '__| __| |  _/ _` |/ __| __/ _ \| '__| | | | |  ___/ '__/ _ \
  / ____ \| |  | |_| | || (_| | (__| || (_) | |  | |_| | | |   | | | (_) |
 /_/    \_\_|   \__|_|_| \__,_|\___|\__\___/|_|   \__, | |_|   |_|  \___/
 Version:  5.2.0                                   __/ |
 Revision: 50024                                  |___/
 Artifactory Home: '/opt/jfrog/artifactory'

2017-04-13 14:11:02,332 [art-init] [WARN ] (o.a.f.l.ArtifactoryLockFile:65) - Found existing lock file. Artifactory was not shutdown properly. [/opt/jfrog/artifactory/data/.lock]
2017-04-13 14:11:02,421 [art-init] [INFO ] (o.a.s.ArtifactoryApplicationContext:433) - Artifactory application context set to NOT READY by refresh
2017-04-13 14:11:02,424 [art-init] [INFO ] (o.a.s.ArtifactoryApplicationContext:213) - Refreshing Artifactory: startup date [Thu Apr 13 14:11:02 UTC 2017]; root of context hierarchy
2017-04-13 14:11:06,486 [art-init] [INFO ] (o.a.s.d.DbServiceImpl:191) - Database: Apache Derby 10.11.1.1 - (1616546). Driver: Apache Derby Embedded JDBC Driver 10.11.1.1 - (1616546)
2017-04-13 14:11:06,488 [art-init] [INFO ] (o.a.s.d.DbServiceImpl:193) - Connection URL: jdbc:derby:/opt/jfrog/artifactory/data/derby
2017-04-13 14:11:07,830 [art-init] [INFO ] (o.j.s.b.p.t.BinaryProviderClassScanner:76) - Added 'remote' from jar:file:/opt/jfrog/artifactory/tomcat/webapps/artifactory/WEB-INF/lib/binary-store-client-2.0.9.jar!/
2017-04-13 14:11:07,837 [art-init] [INFO ] (o.j.s.b.p.t.BinaryProviderClassScanner:76) - Added 'blob' from jar:file:/opt/jfrog/artifactory/tomcat/webapps/artifactory/WEB-INF/lib/artifactory-storage-db-5.2.0.jar!/
2017-04-13 14:11:07,962 [art-init] [INFO ] (o.j.s.b.p.t.BinaryProviderClassScanner:76) - Added 'eventual, eventual-cluster, google-storage, hdfs, s3Old, s3, sharding, sharding-cluster, state-aware, azureblobstorage' from jar:file:/opt/jfrog/artifactory/tomcat/webapps/artifactory/WEB-INF/lib/artifactory-addon-filestore-5.2.0.jar!/
2017-04-13 14:11:07,984 [art-init] [INFO ] (o.j.s.b.p.t.BinaryProviderClassScanner:76) - Added 'empty, external-file, external-wrapper, file-system, cache-fs, retry' from jar:file:/opt/jfrog/artifactory/tomcat/webapps/artifactory/WEB-INF/lib/binary-store-core-2.0.9.jar!/
2017-04-13 14:11:18,854 [art-init] [INFO ] (o.a.s.ArtifactorySchedulerFactoryBean:647) - Starting Quartz Scheduler now
2017-04-13 14:11:18,972 [art-init] [INFO ] (o.a.s.ArtifactoryApplicationContext:220) - Artifactory context starting up 48 Spring Beans...
2017-04-13 14:11:19,570 [art-init] [WARN ] (o.j.a.s.AccessServiceBootstrap:183) - Admin token of service 'jf-artifactory@9a4da3dd-348b-4c4a-8108-cfc0c06fe070' is invalid, revoking and creating a new token: java.lang.IllegalArgumentException: Token failed signature verification.
2017-04-13 14:11:19,765 [art-init] [INFO ] (o.j.a.s.a.TokenAuditor:41) - [AUDIT] Token created by 'admin': tokenId='d1c82ef4-5abb-402c-acd4-00ef8342f889', issuer='jf-artifactory@9a4da3dd-348b-4c4a-8108-cfc0c06fe070', subject='jf-artifactory@9a4da3dd-348b-4c4a-8108-cfc0c06fe070', expiry=2438172679727, refreshable=false
2017-04-13 14:11:20,130 [art-init] [INFO ] (o.a.i.InfoWriter    :87) - 

 SYSTEM INFORMATION DUMP
 =======================

 User Info
 ========================
   user.dir                                                              | /
   user.home                                                             | /home/artifactory
   user.language                                                         | en
   user.name                                                             | artifactory
   user.timezone                                                         | Etc/UTC

 Host Info
 ========================
   Available Processors                                                  | 2
   Heap Memory Usage-Commited                                            | 536870912
   Heap Memory Usage-Init                                                | 536870912
   Heap Memory Usage-Max                                                 | 2147483648
   Heap Memory Usage-Used                                                | 365953040
   Non-Heap Memory Usage-Commited                                        | 105115648
   Non-Heap Memory Usage-Init                                            | 2555904
   Non-Heap Memory Usage-Max                                             | -1
   Non-Heap Memory Usage-Used                                            | 102206048
   os.arch                                                               | amd64
   os.name                                                               | Linux
   os.version                                                            | 4.4.41-moby

 Artifactory Info
 ========================
   artifactory.runMode.test                                              | false
   artifactory.runMode.qa                                                | false
   artifactory.runMode.dev                                               | false
   artifactory.runMode.devHa                                             | false
   artifactory.version                                                   | 5.2.0
   artifactory.revision                                                  | 50024
   artifactory.timestamp                                                 | 1490625068953
   artifactory.servlet.supportUrlSessionTracking                         | false
   artifactory.addons.disabled                                           | 
   artifactory.addons.info.url                                           | http://service.jfrog.org/artifactory/addons/info/%s
   artifactory.addons.info.url                                           | http://www.jfrog.com/confluence/display/RTF/%s
   artifactory.async.corePoolSize                                        | 8
   artifactory.async.poolTtlSecs                                         | 60
   artifactory.async.poolMaxQueueSize                                    | 10000
   artifactory.versioningQueryIntervalSecs                               | 7200
   artifactory.logs.viewRefreshRateSecs                                  | 10
   artifactory.locks.timeoutSecs                                         | 120
   artifactory.locks.debugTimeouts                                       | false
   artifactory.task.completionLockTimeoutRetries                         | 100
   artifactory.repo.concurrentDownloadSyncTimeoutSecs                    | 900
   artifactory.repo.downloadStatsEnabled                                 | true
   artifactory.repo.global.disabled                                      | true
   artifactory.fsitem.cache.idleTimeSecs                                 | 1200
   artifactory.docker.tokens.cache.idleTimeSecs                          | 240
   artifactory.artifactory.tokens.cache.idleTimeSecs                     | 300
   artifactory.cacheFS.sync.quietPeriodSecs                              | 900
   artifactory.search.maxResults                                         | 500
   artifactory.search.userQueryLimit                                     | 1000
   artifactory.search.content.maxFragments                               | 500
   artifactory.search.content.maxFragmentsSize                           | 5000
   artifactory.search.archive.minQueryLength                             | 3
   artifactory.search.pattern.timeoutSecs                                | 30
   artifactory.gc.useIndex                                               | false
   artifactory.gc.intervalSecs                                           | 86400
   artifactory.gc.delaySecs                                              | 7200
   artifactory.gc.sleepBetweenNodesMillis                                | 20
   artifactory.gc.scanStartSleepingThresholdMillis                       | 20000
   artifactory.gc.scanSleepBetweenIterationsMillis                       | 200
   artifactory.gc.fileScanSleepIterationMillis                           | 1000
   artifactory.gc.fileScanSleepMillis                                    | 250
   artifactory.gc.maxCacheEntries                                        | 10000
   artifactory.gc.readersMaxTimeSecs                                     | 10800
   artifactory.gc.failCount.threshold                                    | 3
   artifactory.traffic.collectionActive                                  | false
   artifactory.security.authentication.cache.initSize                    | 100
   artifactory.security.authentication.cache.idleTimeSecs                | 300
   artifactory.security.userLastAccessUpdatesResolutionSecs              | 5
   artifactory.security.master.key                                       | ************************
   artifactory.security.master.key.numOfFallbackKeys                     | *
   artifactory.security.disableRememberMe                                | false
   artifactory.security.ldap.forceGroupMemberAttFullDN                   | false
   artifactory.security.ldap.disable.group.search.attributes.limitation  | false
   artifactory.security.ldap.group.search.filterThreshold                | 0
   artifactory.enable.aql.read.committed                                 | false
   artifactory.mvn.central.hostPattern                                   | .maven.org
   artifactory.mvn.central.indexerMaxQueryIntervalSecs                   | 86400
   artifactory.mvn.metadata.plugin.calculation.workers                   | 2
   artifactory.mvn.metadata.calculation.workers                          | 8
   artifactory.mvn.dynamicMetadata.cacheRetentionSecs                    | 10
   artifactory.mvn.metadata.version3.enabled                             | true
   artifactory.mvn.custom.types                                          | tar.gz,tar.bz2
   artifactory.request.disableVersionTokens                              | false
   artifactory.request.searchLatestReleaseByDateCreated                  | false
   artifactory.build.maxFoldersToScanForDeletionWarnings                 | 2
   artifactory.build.checksum.cache.idleTimeSecs                         | 300
   artifactory.updates.refreshIntervalSecs                               | 14400
   artifactory.updates.url                                               | http://service.jfrog.org/artifactory/updates
   artifactory.artifactoryRequestsToGlobalCanRetrieveRemoteArtifacts     | false
   artifactory.ui.syntaxColoringMaxTextSizeBytes                         | 512000
   artifactory.plugin.scripts.refreshIntervalSecs                        | 0
   artifactory.plugin.aol.support                                        | false
   artifactory.aol.dedicated.server                                      | false
   artifactory.aol.displayAccountManagementLink                          | true
   artifactory.aol.security.http.sso.enable                              | false
   artifactory.file.roller.maxFileToRetain                               | 10
   artifactory.backup.fileExportSleepIterationMillis                     | 2000
   artifactory.backup.fileExportSleepMillis                              | 250
   artifactory.http.acceptEncoding.gzip                                  | true
   artifactory.http.useExpectContinue                                    | false
   artifactory.http.forceForbiddenResponse                               | false
   artifactory.http.connectionPool.timeToLive                            | 30
   artifactory.http.enableCookieManagement                               | false
   artifactory.filtering.resourceSizeKb                                  | 64
   artifactory.repo.remote.checkForExistingResourceOnRequest             | true
   artifactory.version.query.enabled                                     | true
   artifactory.response.disableContentDispositionFilename                | false
   artifactory.composer.metadata.extractor.workers                       | 20
   artifactory.composer.metadata.index.workers                           | 10
   artifactory.chef.metadata.index.workers                               | 10
   artifactory.yum.virtual.metadata.calculation.workers                  | 5
   artifactory.yum.calculationRequest.aggregationTimeWindowSecs          | 60
   artifactory.yum.calculationRequest.aggregationCycleSecs               | 60
   artifactory.debian.metadata.calculation.workers                       | 8
   artifactory.debian.remote.etag                                        | true
   artifactory.debian.metadata.validation                                | true
   artifactory.archive.licenseFile.names                                 | license,LICENSE,license.txt,LICENSE.txt,LICENSE.TXT
   artifactory.ui.search.maxRowsPerPage                                  | 20
   artifactory.replication.checksumDeploy.minSizeKb                      | 10
   artifactory.replication.consumer.queueSize                            | 1
   artifactory.replication.local.iteration.sleepThresholdMillis          | 1000
   artifactory.replication.local.iteration.sleepMillis                   | 100
   artifactory.replication.event.queue.size                              | 50000
   artifactory.replication.properties.max.length                         | 100000
   artifactory.replication.statistics.max.length                         | 5000
   artifactory.request.explodedArchiveExtensions                         | zip,tar,tar.gz,tgz
   artifactory.bintray.jcenter.url                                       | http://jcenter.bintray.com
   artifactory.bintray.url                                               | https://bintray.com
   artifactory.bintray.api.url                                           | https://api.bintray.com
   artifactory.bintray.token.expirySecs                                  | 3600
   artifactory.bintray.distributionRegex.timeoutMillis                   | 180000
   artifactory.bintray.ui.hideUploads                                    | false
   artifactory.bintray.ui.hideInfo                                       | false
   artifactory.bintray.ui.hideRemoteSearch                               | false
   artifactory.bintray.client.threadPool.size                            | 5
   artifactory.enable.ui.pages.in.Iframe                                 | false
   artifactory.bintray.client.requestTimeoutMS                           | 150000
   artifactory.bintray.client.distribution.requestTimeoutMS              | 30000
   artifactory.bintray.client.signRequestTimeoutMS                       | 45000
   artifactory.useUserNameAutoCompleteOnLogin                            | on
   artifactory.ui.hideEncryptedPassword                                  | *****
   artifactory.stats.flushIntervalSecs                                   | 30
   artifactory.stats.remote.flushIntervalSecs                            | 35
   artifactory.stats.flushTimeoutSecs                                    | 120
   artifactory.integrationCleanup.intervalSecs                           | 300
   artifactory.integrationCleanup.quietPeriodSecs                        | 60
   artifactory.folderPruning.intervalSecs                                | 300
   artifactory.folderPruning.quietPeriodSecs                             | 60
   artifactory.repo.virtualCacheCleanup.maxAgeHours                      | 168
   artifactory.repo.virtualCacheCleanup.pattern                          | *.pom
   artifactory.security.authentication.password.salt                     | ****************
   artifactory.db.idGenerator.fetch.amount                               | 2000
   artifactory.db.idGenerator.max.update.retries                         | 50
   artifactory.gems.localIndexTaskIntervalSecs                           | 30
   artifactory.gems.virtualIndexTaskIntervalSecs                         | 300
   artifactory.gems.gemsIndexTaskQueueLimit                              | 20000
   artifactory.gems.gemsAfterRepoInitHack                                | true
   artifactory.security.authentication.crowd.group.startIndex            | 0
   artifactory.security.authentication.crowd.group.maxResults            | 9999
   artifactory.ui.hideChecksums                                          | false
   artifactory.archive.indexer.intervalSecs                              | 60
   artifactory.xray.indexer.intervalSecs                                 | 60
   artifactory.xray.force.reindex                                        | false
   artifactory.xray.scanBuild.httpClient.max.connections                 | 30
   artifactory.nuget.inMemoryRemoteCaches                                | true
   artifactory.nuget.forceAuthentication                                 | false
   artifactory.nuget.allowRootGetWithAnon                                | false
   artifactory.ha.heartbeat.intervalSecs                                 | 5
   artifactory.ha.heartbeat.staleSecs                                    | 30
   artifactory.ha.heartbeat.recently.worked.trigger.days                 | 7
   artifactory.binary.store.error.notification.intervalSecs              | 30
   artifactory.binary.store.error.notification.staleSecs                 | 30
   artifactory.ha.membersIntroduction.intervalSecs                       | 30
   artifactory.ha.membersIntroduction.staleSecs                          | 30
   artifactory.npm.index.quietPeriodSecs                                 | 60
   artifactory.npm.index.cycleSecs                                       | 60
   artifactory.import.max.parallelRepos                                  | 1
   artifactory.debian.distribution.path                                  | dists
   artifactory.opkg.index.quietPeriodSecs                                | 60
   artifactory.opkg.index.cycleSecs                                      | 2
   artifactory.debian.default.architectures                              | i386,amd64
   artifactory.pypi.index.quietPeriodSecs                                | 60
   artifactory.pypi.index.sleepMilliSecs                                 | 60
   artifactory.docker.cleanup.maxAgeMillis                               | 86400000
   artifactory.docker.tags.cleanup.intervalSecs                          | 300
   artifactory.docker.tags.cleanup.quietPeriodSecs                       | 60
   artifactory.http.range.support                                        | true
   artifactory.acl.dirty.read.timeout                                    | 20000
   artifactory.central.config.dirty.read.timeout.millis                  | 2000
   artifactory.repositories.dirty.read.timeout.millis                    | 5000
   artifactory.ping.allowUnauthenticated                                 | false
   artifactory.repo.http.idleConnectionMonitorInterval                   | 10
   artifactory.repo.http.disableIdleConnectionMonitoring                 | false
   artifactory.support.core.bundle.contentCollectionAwaitTimeout         | 60
   artifactory.support.core.bundle.waitForSlotBeforeWithdraw             | 600
   artifactory.support.core.bundle.maxBundles                            | 5
   artifactory.binary.provider.zones                                     | a,b,c
   artifactory.binary.provider.prune.chunk.size                          | 500
   artifactory.properties.search.chunk.size                              | 500
   artifactory.security.useFrontCacheForBlockedUsers                     | true
   artifactory.security.loginBlockDelay                                  | 500
   artifactory.security.password.expiry.passwordExpireNotificationJobIntervalSecs| *****
   artifactory.security.password.expiry.passwordExpireJobIntervalSecs    | *****
   artifactory.security.password.expiry.daysToNotifyBefore               | *
   artifactory.http.client.max.total.connections                         | 50
   artifactory.http.client.max.connections.per.route                     | 50
   artifactory.hazelcast.max.lock.lease.time.seconds                     | 30
   artifactory.repo.remote.blockedMismatchingMimeTypes                   | text/html,application/xhtml+xml
   artifactory.mvn.metadata.calculation.skip.delete.event                | false
   artifactory.repo.remote.browsing.content.length.limit.KB              | 1024
   artifactory.hazelcast.management                                      | false
   artifactory.sumologic.api.url                                         | https://auth.sumologic.com
   artifactory.move.copy.max.folder.cache.size                           | 1000000
   artifactory.move.copy.default.transaction.size                        | 1000
   artifactory.node.properties.replace.all                               | false
   artifactory.node.properties.log.performance                           | false
   artifactory.workQueue.execution.syncExecutionTimeoutMillis            | 120000
   artifactory.security.communication.constant                           | ArtifactorySecurityCommunicationConstant
   artifactory.nuget.disablePermissionCheck                              | false
   artifactory.treebrowser.sortRepositories.sortByType                   | virtual,distribution,local,remote
   artifactory.maven.metadata.publishModelVersion                        | true
   artifactory.access.token.expiresIn.default                            | 3600
   artifactory.puppet.metadata.calculation.workers                       | 5
   artifactory.puppet.reindex.period                                     | 1800
   artifactory.puppet.additional.modulegroup                             | 
   artifactory.puppet.additional.endorsement                             | 
   artifactory.onboarding.skipWizard                                     | false
   artifactory.configuration.manager.retry.amount                        | 3
   artifactory.aggregation.time.window.secs                              | 60
   artifactory.most.downloaded.cache.idleTimeSecs                        | 900
   artifactory.home                                                      | /opt/jfrog/artifactory

 Java System Info
 ========================
   java.class.version                                                    | 52.0
   java.home                                                             | /usr/lib/jvm/java-8-openjdk-amd64/jre
   java.io.tmpdir                                                        | /opt/jfrog/artifactory/tomcat/temp
   java.runtime.name                                                     | OpenJDK Runtime Environment
   java.runtime.version                                                  | 1.8.0_102-8u102-b14.1-1~bpo8+1-b14
   java.specification.name                                               | Java Platform API Specification
   java.specification.vendor                                             | Oracle Corporation
   java.specification.version                                            | 1.8
   java.vendor                                                           | Oracle Corporation
   java.vendor.url                                                       | http://java.oracle.com/
   java.vendor.url.bug                                                   | http://bugreport.sun.com/bugreport/
   java.version                                                          | 1.8.0_102
   java.vm.info                                                          | mixed mode
   java.vm.name                                                          | OpenJDK 64-Bit Server VM
   java.vm.specification.name                                            | Java Virtual Machine Specification
   java.vm.specification.vendor                                          | Oracle Corporation
   java.vm.specification.version                                         | 1.8
   java.vm.vendor                                                        | Oracle Corporation
   java.vm.version                                                       | 25.102-b14
   sun.arch.data.model                                                   | 64
   sun.boot.library.path                                                 | /usr/lib/jvm/java-8-openjdk-amd64/jre/lib/amd64
   sun.cpu.endian                                                        | little
   sun.cpu.isalist                                                       | 
   sun.io.unicode.encoding                                               | UnicodeLittle
   sun.java.launcher                                                     | SUN_STANDARD
   sun.jnu.encoding                                                      | UTF-8
   sun.management.compiler                                               | HotSpot 64-Bit Tiered Compilers
   sun.os.patch.level                                                    | unknown
   JVM Input arguments                                                   | -Djava.util.logging.config.file=/opt/jfrog/artifactory/tomcat/conf/logging.properties
                                                                         | -Djava.util.logging.manager=org.apache.juli.ClassLoaderLogManager
                                                                         | -Djdk.tls.ephemeralDHKeySize=****
                                                                         | -Djava.protocol.handler.pkgs=org.apache.catalina.webresources
                                                                         | -Xms512m
                                                                         | -Xmx2g
                                                                         | -Xss256k
                                                                         | -XX:+UseG1GC
                                                                         | -XX:OnOutOfMemoryError=kill -9 %p
                                                                         | -Djruby.compile.invokedynamic=false
                                                                         | -Dfile.encoding=UTF8
                                                                         | -Dartdist=zip
                                                                         | -Dorg.apache.tomcat.util.buf.UDecoder.ALLOW_ENCODED_SLASH=true
                                                                         | -Djava.security.egd=file:/dev/./urandom
                                                                         | -Dartifactory.home=/opt/jfrog/artifactory
                                                                         | -Dfile.encoding=UTF8
                                                                         | -Djruby.compile.invokedynamic=false
                                                                         | -Djava.endorsed.dirs=/opt/jfrog/artifactory/tomcat/endorsed
                                                                         | -Dcatalina.base=/opt/jfrog/artifactory/tomcat
                                                                         | -Dcatalina.home=/opt/jfrog/artifactory/tomcat
                                                                         | -Djava.io.tmpdir=/opt/jfrog/artifactory/tomcat/temp

 Java Class Path Info
 ========================
   sun.boot.class.path                                                   | /usr/lib/jvm/java-8-openjdk-amd64/jre/lib/resources.jar
                                                                         | /usr/lib/jvm/java-8-openjdk-amd64/jre/lib/rt.jar
                                                                         | /usr/lib/jvm/java-8-openjdk-amd64/jre/lib/sunrsasign.jar
                                                                         | /usr/lib/jvm/java-8-openjdk-amd64/jre/lib/jsse.jar
                                                                         | /usr/lib/jvm/java-8-openjdk-amd64/jre/lib/jce.jar
                                                                         | /usr/lib/jvm/java-8-openjdk-amd64/jre/lib/charsets.jar
                                                                         | /usr/lib/jvm/java-8-openjdk-amd64/jre/lib/jfr.jar
                                                                         | /usr/lib/jvm/java-8-openjdk-amd64/jre/classes
   java.library.path                                                     | /usr/java/packages/lib/amd64:/usr/lib/x86_64-linux-gnu/jni:/lib/x86_64-linux-gnu:/usr/lib/x86_64-linux-gnu:/usr/lib/jni:/lib:/usr/lib
   java.endorsed.dirs                                                    | /opt/jfrog/artifactory/tomcat/endorsed
   java.ext.dirs                                                         | /usr/lib/jvm/java-8-openjdk-amd64/jre/lib/ext:/usr/java/packages/lib/ext
   java.class.path                                                       | /opt/jfrog/artifactory/tomcat/bin/bootstrap.jar
                                                                         | /opt/jfrog/artifactory/tomcat/bin/tomcat-juli.jar

2017-04-13 14:11:21,453 [art-init] [INFO ] (o.a.s.BaseTaskServiceDescriptorHandler:51) - No Replication configured. Replication is disabled.
2017-04-13 14:11:21,877 [art-init] [INFO ] (o.a.c.CentralConfigServiceImpl:394) - Reloading configuration...
2017-04-13 14:11:21,956 [art-init] [INFO ] (o.a.c.CentralConfigServiceImpl:250) - Saving new configuration in storage...
2017-04-13 14:11:22,010 [art-init] [INFO ] (o.a.c.CentralConfigServiceImpl:254) - New configuration saved.
2017-04-13 14:11:22,012 [art-init] [INFO ] (o.a.s.ArtifactoryApplicationContext:433) - Artifactory application context set to NOT READY by reload
2017-04-13 14:11:22,186 [art-init] [INFO ] (o.a.s.BaseTaskServiceDescriptorHandler:51) - No Replication configured. Replication is disabled.
2017-04-13 14:11:22,262 [art-init] [INFO ] (o.a.c.c.ConfigurationManagerImpl:378) - Replacing temporary DB channel with permanent DB channel
2017-04-13 14:11:22,265 [art-init] [INFO ] (o.a.c.c.ConfigurationManagerImpl:381) - Successfully closed temporary DB channel
2017-04-13 14:11:22,267 [art-init] [INFO ] (o.a.s.ArtifactoryApplicationContext:433) - Artifactory application context set to READY by reload
2017-04-13 14:11:22,288 [art-init] [INFO ] (o.a.c.CentralConfigServiceImpl:406) - Configuration reloaded.
2017-04-13 14:11:22,460 [art-init] [INFO ] (o.a.s.ArtifactoryApplicationContext:433) - Artifactory application context set to READY by refresh
2017-04-13 14:11:22,461 [art-init] [INFO ] (o.a.c.ConvertersManagerImpl:206) - Sending configuration update message to slaves
2017-04-13 14:11:22,490 [art-init] [INFO ] (o.a.w.s.ArtifactoryContextConfigListener:215) - 
###########################################################
### Artifactory successfully started (20.206 seconds)   ###
###########################################################

2017-04-13 19:48:17,980 [art-exec-1] [INFO ] (o.a.r.s.t.p.TrashcanPruner:92) - Trashcan pruning total execution time: '160 millis'
2017-04-13 19:48:18,083 [art-exec-1] [INFO ] (o.a.s.b.s.GarbageCollectorInfo:80) - Storage garbage collector report:
Number of binaries:      0
Total execution time:    49 millis
Candidates for deletion: 0
Checksums deleted:       0
Binaries deleted:        0
Total size freed:        0 bytes
Current total size:      0 bytes
2017-04-13 20:05:11,312 [art-exec-8] [INFO ] (o.a.r.s.t.p.TrashcanPruner:92) - Trashcan pruning total execution time: '3 millis'
2017-04-13 20:05:11,318 [art-exec-8] [INFO ] (o.a.s.b.s.GarbageCollectorInfo:80) - Storage garbage collector report:
Number of binaries:      0
Total execution time:    2 millis
Candidates for deletion: 0
Checksums deleted:       0
Binaries deleted:        0
Total size freed:        0 bytes
Current total size:      0 bytes
2017-04-13 22:34:03,236 [localhost-startStop-1] [INFO ] (o.j.a.s.AccessApplicationContext:23) - Refreshing org.jfrog.access.server.AccessApplicationContext@2ef2ab02: startup date [Thu Apr 13 22:34:03 UTC 2017]; root of context hierarchy
2017-04-13 22:34:03,897 [localhost-startStop-1] [INFO ] (o.j.a.s.d.u.AccessJdbcHelper:72) - Database: Apache Derby 10.11.1.1 - (1616546). Driver: Apache Derby Embedded JDBC Driver 10.11.1.1 - (1616546)
2017-04-13 22:34:03,898 [localhost-startStop-1] [INFO ] (o.j.a.s.d.u.AccessJdbcHelper:74) - Connection URL: jdbc:derby:/opt/jfrog/artifactory/data/derby
2017-04-13 22:34:04,427 [localhost-startStop-1] [INFO ] (o.j.a.s.s.TokenServiceImpl:72) - Scheduling task for revoking expired tokens using cron expression: 0 0 0/1 * * ?
2017-04-13 22:34:05,607 [localhost-startStop-1] [INFO ] (o.j.a.s.AccessServerBootstrap:171) - [ACCESS BOOTSTRAP] Updating server '52b1754a-3f58-4867-af40-1731ceafd419' private key finger print to: c0408f20ee26174a4e9efa552e55eda92413c4ce731faa5b341c0f3a99f22c45
2017-04-13 22:34:05,945 [art-init] [INFO ] (o.a.w.s.ArtifactoryContextConfigListener:269) - 
                _   _  __           _                      ____   _____ _____
     /\        | | (_)/ _|         | |                    / __ \ / ____/ ____|
    /  \   _ __| |_ _| |_ __ _  ___| |_ ___  _ __ _   _  | |  | | (___| (___
   / /\ \ | '__| __| |  _/ _` |/ __| __/ _ \| '__| | | | | |  | |\___ \\___ \
  / ____ \| |  | |_| | || (_| | (__| || (_) | |  | |_| | | |__| |____) |___) |
 /_/    \_\_|   \__|_|_| \__,_|\___|\__\___/|_|   \__, |  \____/|_____/_____/
 Version:  5.2.0                                   __/ |
 Revision: 50024                                  |___/
 Artifactory Home: '/opt/jfrog/artifactory'

2017-04-13 22:34:05,961 [art-init] [WARN ] (o.a.f.l.ArtifactoryLockFile:65) - Found existing lock file. Artifactory was not shutdown properly. [/opt/jfrog/artifactory/data/.lock]
2017-04-13 22:34:06,105 [art-init] [INFO ] (o.a.s.ArtifactoryApplicationContext:433) - Artifactory application context set to NOT READY by refresh
2017-04-13 22:34:06,111 [art-init] [INFO ] (o.a.s.ArtifactoryApplicationContext:213) - Refreshing Artifactory: startup date [Thu Apr 13 22:34:06 UTC 2017]; root of context hierarchy
2017-04-13 22:34:10,362 [art-init] [INFO ] (o.a.s.d.DbServiceImpl:191) - Database: Apache Derby 10.11.1.1 - (1616546). Driver: Apache Derby Embedded JDBC Driver 10.11.1.1 - (1616546)
2017-04-13 22:34:10,364 [art-init] [INFO ] (o.a.s.d.DbServiceImpl:193) - Connection URL: jdbc:derby:/opt/jfrog/artifactory/data/derby
2017-04-13 22:34:11,354 [art-init] [INFO ] (o.j.s.b.p.t.BinaryProviderClassScanner:76) - Added 'blob' from jar:file:/opt/jfrog/artifactory/tomcat/webapps/artifactory/WEB-INF/lib/artifactory-storage-db-5.2.0.jar!/
2017-04-13 22:34:11,374 [art-init] [INFO ] (o.j.s.b.p.t.BinaryProviderClassScanner:76) - Added 'empty, external-file, external-wrapper, file-system, cache-fs, retry' from jar:file:/opt/jfrog/artifactory/tomcat/webapps/artifactory/WEB-INF/lib/binary-store-core-2.0.9.jar!/
2017-04-13 22:34:14,139 [art-init] [INFO ] (o.a.s.ArtifactorySchedulerFactoryBean:647) - Starting Quartz Scheduler now
2017-04-13 22:34:14,261 [art-init] [INFO ] (o.a.s.ArtifactoryApplicationContext:220) - Artifactory context starting up 38 Spring Beans...
2017-04-13 22:34:14,409 [art-init] [WARN ] (o.j.a.s.AccessServiceBootstrap:183) - Admin token of service 'jf-artifactory@9a4da3dd-348b-4c4a-8108-cfc0c06fe070' is invalid, revoking and creating a new token: java.lang.IllegalArgumentException: Token failed signature verification.
2017-04-13 22:34:14,626 [art-init] [INFO ] (o.j.a.s.a.TokenAuditor:41) - [AUDIT] Token created by 'admin': tokenId='98fab69c-59c8-4149-a29a-99fd6eeeac59', issuer='jf-artifactory@9a4da3dd-348b-4c4a-8108-cfc0c06fe070', subject='jf-artifactory@9a4da3dd-348b-4c4a-8108-cfc0c06fe070', expiry=2438202854574, refreshable=false
2017-04-13 22:34:15,144 [art-init] [INFO ] (o.a.i.InfoWriter    :87) - 

 SYSTEM INFORMATION DUMP
 =======================

 User Info
 ========================
   user.dir                                                              | /
   user.home                                                             | /home/artifactory
   user.language                                                         | en
   user.name                                                             | artifactory
   user.timezone                                                         | Etc/UTC

 Host Info
 ========================
   Available Processors                                                  | 2
   Heap Memory Usage-Commited                                            | 536870912
   Heap Memory Usage-Init                                                | 536870912
   Heap Memory Usage-Max                                                 | 2147483648
   Heap Memory Usage-Used                                                | 144604176
   Non-Heap Memory Usage-Commited                                        | 85590016
   Non-Heap Memory Usage-Init                                            | 2555904
   Non-Heap Memory Usage-Max                                             | -1
   Non-Heap Memory Usage-Used                                            | 83035040
   os.arch                                                               | amd64
   os.name                                                               | Linux
   os.version                                                            | 4.4.41-moby

 Artifactory Info
 ========================
   artifactory.runMode.test                                              | false
   artifactory.runMode.qa                                                | false
   artifactory.runMode.dev                                               | false
   artifactory.runMode.devHa                                             | false
   artifactory.version                                                   | 5.2.0
   artifactory.revision                                                  | 50024
   artifactory.timestamp                                                 | 1490625068953
   artifactory.servlet.supportUrlSessionTracking                         | false
   artifactory.addons.disabled                                           | 
   artifactory.addons.info.url                                           | http://service.jfrog.org/artifactory/addons/info/%s
   artifactory.addons.info.url                                           | http://www.jfrog.com/confluence/display/RTF/%s
   artifactory.async.corePoolSize                                        | 8
   artifactory.async.poolTtlSecs                                         | 60
   artifactory.async.poolMaxQueueSize                                    | 10000
   artifactory.versioningQueryIntervalSecs                               | 7200
   artifactory.logs.viewRefreshRateSecs                                  | 10
   artifactory.locks.timeoutSecs                                         | 120
   artifactory.locks.debugTimeouts                                       | false
   artifactory.task.completionLockTimeoutRetries                         | 100
   artifactory.repo.concurrentDownloadSyncTimeoutSecs                    | 900
   artifactory.repo.downloadStatsEnabled                                 | true
   artifactory.repo.global.disabled                                      | true
   artifactory.fsitem.cache.idleTimeSecs                                 | 1200
   artifactory.docker.tokens.cache.idleTimeSecs                          | 240
   artifactory.artifactory.tokens.cache.idleTimeSecs                     | 300
   artifactory.cacheFS.sync.quietPeriodSecs                              | 900
   artifactory.search.maxResults                                         | 500
   artifactory.search.userQueryLimit                                     | 1000
   artifactory.search.content.maxFragments                               | 500
   artifactory.search.content.maxFragmentsSize                           | 5000
   artifactory.search.archive.minQueryLength                             | 3
   artifactory.search.pattern.timeoutSecs                                | 30
   artifactory.gc.useIndex                                               | false
   artifactory.gc.intervalSecs                                           | 86400
   artifactory.gc.delaySecs                                              | 7200
   artifactory.gc.sleepBetweenNodesMillis                                | 20
   artifactory.gc.scanStartSleepingThresholdMillis                       | 20000
   artifactory.gc.scanSleepBetweenIterationsMillis                       | 200
   artifactory.gc.fileScanSleepIterationMillis                           | 1000
   artifactory.gc.fileScanSleepMillis                                    | 250
   artifactory.gc.maxCacheEntries                                        | 10000
   artifactory.gc.readersMaxTimeSecs                                     | 10800
   artifactory.gc.failCount.threshold                                    | 3
   artifactory.traffic.collectionActive                                  | false
   artifactory.security.authentication.cache.initSize                    | 100
   artifactory.security.authentication.cache.idleTimeSecs                | 300
   artifactory.security.userLastAccessUpdatesResolutionSecs              | 5
   artifactory.security.master.key                                       | ************************
   artifactory.security.master.key.numOfFallbackKeys                     | *
   artifactory.security.disableRememberMe                                | false
   artifactory.security.ldap.forceGroupMemberAttFullDN                   | false
   artifactory.security.ldap.disable.group.search.attributes.limitation  | false
   artifactory.security.ldap.group.search.filterThreshold                | 0
   artifactory.enable.aql.read.committed                                 | false
   artifactory.mvn.central.hostPattern                                   | .maven.org
   artifactory.mvn.central.indexerMaxQueryIntervalSecs                   | 86400
   artifactory.mvn.metadata.plugin.calculation.workers                   | 2
   artifactory.mvn.metadata.calculation.workers                          | 8
   artifactory.mvn.dynamicMetadata.cacheRetentionSecs                    | 10
   artifactory.mvn.metadata.version3.enabled                             | true
   artifactory.mvn.custom.types                                          | tar.gz,tar.bz2
   artifactory.request.disableVersionTokens                              | false
   artifactory.request.searchLatestReleaseByDateCreated                  | false
   artifactory.build.maxFoldersToScanForDeletionWarnings                 | 2
   artifactory.build.checksum.cache.idleTimeSecs                         | 300
   artifactory.updates.refreshIntervalSecs                               | 14400
   artifactory.updates.url                                               | http://service.jfrog.org/artifactory/updates
   artifactory.artifactoryRequestsToGlobalCanRetrieveRemoteArtifacts     | false
   artifactory.ui.syntaxColoringMaxTextSizeBytes                         | 512000
   artifactory.plugin.scripts.refreshIntervalSecs                        | 0
   artifactory.plugin.aol.support                                        | false
   artifactory.aol.dedicated.server                                      | false
   artifactory.aol.displayAccountManagementLink                          | true
   artifactory.aol.security.http.sso.enable                              | false
   artifactory.file.roller.maxFileToRetain                               | 10
   artifactory.backup.fileExportSleepIterationMillis                     | 2000
   artifactory.backup.fileExportSleepMillis                              | 250
   artifactory.http.acceptEncoding.gzip                                  | true
   artifactory.http.useExpectContinue                                    | false
   artifactory.http.forceForbiddenResponse                               | false
   artifactory.http.connectionPool.timeToLive                            | 30
   artifactory.http.enableCookieManagement                               | false
   artifactory.filtering.resourceSizeKb                                  | 64
   artifactory.repo.remote.checkForExistingResourceOnRequest             | true
   artifactory.version.query.enabled                                     | true
   artifactory.response.disableContentDispositionFilename                | false
   artifactory.composer.metadata.extractor.workers                       | 20
   artifactory.composer.metadata.index.workers                           | 10
   artifactory.chef.metadata.index.workers                               | 10
   artifactory.yum.virtual.metadata.calculation.workers                  | 5
   artifactory.yum.calculationRequest.aggregationTimeWindowSecs          | 60
   artifactory.yum.calculationRequest.aggregationCycleSecs               | 60
   artifactory.debian.metadata.calculation.workers                       | 8
   artifactory.debian.remote.etag                                        | true
   artifactory.debian.metadata.validation                                | true
   artifactory.archive.licenseFile.names                                 | license,LICENSE,license.txt,LICENSE.txt,LICENSE.TXT
   artifactory.ui.search.maxRowsPerPage                                  | 20
   artifactory.replication.checksumDeploy.minSizeKb                      | 10
   artifactory.replication.consumer.queueSize                            | 1
   artifactory.replication.local.iteration.sleepThresholdMillis          | 1000
   artifactory.replication.local.iteration.sleepMillis                   | 100
   artifactory.replication.event.queue.size                              | 50000
   artifactory.replication.properties.max.length                         | 100000
   artifactory.replication.statistics.max.length                         | 5000
   artifactory.request.explodedArchiveExtensions                         | zip,tar,tar.gz,tgz
   artifactory.bintray.jcenter.url                                       | http://jcenter.bintray.com
   artifactory.bintray.url                                               | https://bintray.com
   artifactory.bintray.api.url                                           | https://api.bintray.com
   artifactory.bintray.token.expirySecs                                  | 3600
   artifactory.bintray.distributionRegex.timeoutMillis                   | 180000
   artifactory.bintray.ui.hideUploads                                    | false
   artifactory.bintray.ui.hideInfo                                       | false
   artifactory.bintray.ui.hideRemoteSearch                               | false
   artifactory.bintray.client.threadPool.size                            | 5
   artifactory.enable.ui.pages.in.Iframe                                 | false
   artifactory.bintray.client.requestTimeoutMS                           | 150000
   artifactory.bintray.client.distribution.requestTimeoutMS              | 30000
   artifactory.bintray.client.signRequestTimeoutMS                       | 45000
   artifactory.useUserNameAutoCompleteOnLogin                            | on
   artifactory.ui.hideEncryptedPassword                                  | *****
   artifactory.stats.flushIntervalSecs                                   | 30
   artifactory.stats.remote.flushIntervalSecs                            | 35
   artifactory.stats.flushTimeoutSecs                                    | 120
   artifactory.integrationCleanup.intervalSecs                           | 300
   artifactory.integrationCleanup.quietPeriodSecs                        | 60
   artifactory.folderPruning.intervalSecs                                | 300
   artifactory.folderPruning.quietPeriodSecs                             | 60
   artifactory.repo.virtualCacheCleanup.maxAgeHours                      | 168
   artifactory.repo.virtualCacheCleanup.pattern                          | *.pom
   artifactory.security.authentication.password.salt                     | ****************
   artifactory.db.idGenerator.fetch.amount                               | 2000
   artifactory.db.idGenerator.max.update.retries                         | 50
   artifactory.gems.localIndexTaskIntervalSecs                           | 30
   artifactory.gems.virtualIndexTaskIntervalSecs                         | 300
   artifactory.gems.gemsIndexTaskQueueLimit                              | 20000
   artifactory.gems.gemsAfterRepoInitHack                                | true
   artifactory.security.authentication.crowd.group.startIndex            | 0
   artifactory.security.authentication.crowd.group.maxResults            | 9999
   artifactory.ui.hideChecksums                                          | false
   artifactory.archive.indexer.intervalSecs                              | 60
   artifactory.xray.indexer.intervalSecs                                 | 60
   artifactory.xray.force.reindex                                        | false
   artifactory.xray.scanBuild.httpClient.max.connections                 | 30
   artifactory.nuget.inMemoryRemoteCaches                                | true
   artifactory.nuget.forceAuthentication                                 | false
   artifactory.nuget.allowRootGetWithAnon                                | false
   artifactory.ha.heartbeat.intervalSecs                                 | 5
   artifactory.ha.heartbeat.staleSecs                                    | 30
   artifactory.ha.heartbeat.recently.worked.trigger.days                 | 7
   artifactory.binary.store.error.notification.intervalSecs              | 30
   artifactory.binary.store.error.notification.staleSecs                 | 30
   artifactory.ha.membersIntroduction.intervalSecs                       | 30
   artifactory.ha.membersIntroduction.staleSecs                          | 30
   artifactory.npm.index.quietPeriodSecs                                 | 60
   artifactory.npm.index.cycleSecs                                       | 60
   artifactory.import.max.parallelRepos                                  | 1
   artifactory.debian.distribution.path                                  | dists
   artifactory.opkg.index.quietPeriodSecs                                | 60
   artifactory.opkg.index.cycleSecs                                      | 2
   artifactory.debian.default.architectures                              | i386,amd64
   artifactory.pypi.index.quietPeriodSecs                                | 60
   artifactory.pypi.index.sleepMilliSecs                                 | 60
   artifactory.docker.cleanup.maxAgeMillis                               | 86400000
   artifactory.docker.tags.cleanup.intervalSecs                          | 300
   artifactory.docker.tags.cleanup.quietPeriodSecs                       | 60
   artifactory.http.range.support                                        | true
   artifactory.acl.dirty.read.timeout                                    | 20000
   artifactory.central.config.dirty.read.timeout.millis                  | 2000
   artifactory.repositories.dirty.read.timeout.millis                    | 5000
   artifactory.ping.allowUnauthenticated                                 | false
   artifactory.repo.http.idleConnectionMonitorInterval                   | 10
   artifactory.repo.http.disableIdleConnectionMonitoring                 | false
   artifactory.support.core.bundle.contentCollectionAwaitTimeout         | 60
   artifactory.support.core.bundle.waitForSlotBeforeWithdraw             | 600
   artifactory.support.core.bundle.maxBundles                            | 5
   artifactory.binary.provider.zones                                     | a,b,c
   artifactory.binary.provider.prune.chunk.size                          | 500
   artifactory.properties.search.chunk.size                              | 500
   artifactory.security.useFrontCacheForBlockedUsers                     | true
   artifactory.security.loginBlockDelay                                  | 500
   artifactory.security.password.expiry.passwordExpireNotificationJobIntervalSecs| *****
   artifactory.security.password.expiry.passwordExpireJobIntervalSecs    | *****
   artifactory.security.password.expiry.daysToNotifyBefore               | *
   artifactory.http.client.max.total.connections                         | 50
   artifactory.http.client.max.connections.per.route                     | 50
   artifactory.hazelcast.max.lock.lease.time.seconds                     | 30
   artifactory.repo.remote.blockedMismatchingMimeTypes                   | text/html,application/xhtml+xml
   artifactory.mvn.metadata.calculation.skip.delete.event                | false
   artifactory.repo.remote.browsing.content.length.limit.KB              | 1024
   artifactory.hazelcast.management                                      | false
   artifactory.sumologic.api.url                                         | https://auth.sumologic.com
   artifactory.move.copy.max.folder.cache.size                           | 1000000
   artifactory.move.copy.default.transaction.size                        | 1000
   artifactory.node.properties.replace.all                               | false
   artifactory.node.properties.log.performance                           | false
   artifactory.workQueue.execution.syncExecutionTimeoutMillis            | 120000
   artifactory.security.communication.constant                           | ArtifactorySecurityCommunicationConstant
   artifactory.nuget.disablePermissionCheck                              | false
   artifactory.treebrowser.sortRepositories.sortByType                   | virtual,distribution,local,remote
   artifactory.maven.metadata.publishModelVersion                        | true
   artifactory.access.token.expiresIn.default                            | 3600
   artifactory.puppet.metadata.calculation.workers                       | 5
   artifactory.puppet.reindex.period                                     | 1800
   artifactory.puppet.additional.modulegroup                             | 
   artifactory.puppet.additional.endorsement                             | 
   artifactory.onboarding.skipWizard                                     | false
   artifactory.configuration.manager.retry.amount                        | 3
   artifactory.aggregation.time.window.secs                              | 60
   artifactory.most.downloaded.cache.idleTimeSecs                        | 900
   artifactory.home                                                      | /opt/jfrog/artifactory

 Java System Info
 ========================
   java.class.version                                                    | 52.0
   java.home                                                             | /usr/lib/jvm/java-8-openjdk-amd64/jre
   java.io.tmpdir                                                        | /opt/jfrog/artifactory/tomcat/temp
   java.runtime.name                                                     | OpenJDK Runtime Environment
   java.runtime.version                                                  | 1.8.0_102-8u102-b14.1-1~bpo8+1-b14
   java.specification.name                                               | Java Platform API Specification
   java.specification.vendor                                             | Oracle Corporation
   java.specification.version                                            | 1.8
   java.vendor                                                           | Oracle Corporation
   java.vendor.url                                                       | http://java.oracle.com/
   java.vendor.url.bug                                                   | http://bugreport.sun.com/bugreport/
   java.version                                                          | 1.8.0_102
   java.vm.info                                                          | mixed mode
   java.vm.name                                                          | OpenJDK 64-Bit Server VM
   java.vm.specification.name                                            | Java Virtual Machine Specification
   java.vm.specification.vendor                                          | Oracle Corporation
   java.vm.specification.version                                         | 1.8
   java.vm.vendor                                                        | Oracle Corporation
   java.vm.version                                                       | 25.102-b14
   sun.arch.data.model                                                   | 64
   sun.boot.library.path                                                 | /usr/lib/jvm/java-8-openjdk-amd64/jre/lib/amd64
   sun.cpu.endian                                                        | little
   sun.cpu.isalist                                                       | 
   sun.io.unicode.encoding                                               | UnicodeLittle
   sun.java.launcher                                                     | SUN_STANDARD
   sun.jnu.encoding                                                      | UTF-8
   sun.management.compiler                                               | HotSpot 64-Bit Tiered Compilers
   sun.os.patch.level                                                    | unknown
   JVM Input arguments                                                   | -Djava.util.logging.config.file=/opt/jfrog/artifactory/tomcat/conf/logging.properties
                                                                         | -Djava.util.logging.manager=org.apache.juli.ClassLoaderLogManager
                                                                         | -Djdk.tls.ephemeralDHKeySize=****
                                                                         | -Djava.protocol.handler.pkgs=org.apache.catalina.webresources
                                                                         | -Xms512m
                                                                         | -Xmx2g
                                                                         | -Xss256k
                                                                         | -XX:+UseG1GC
                                                                         | -XX:OnOutOfMemoryError=kill -9 %p
                                                                         | -Djruby.compile.invokedynamic=false
                                                                         | -Dfile.encoding=UTF8
                                                                         | -Dartdist=zip
                                                                         | -Dorg.apache.tomcat.util.buf.UDecoder.ALLOW_ENCODED_SLASH=true
                                                                         | -Djava.security.egd=file:/dev/./urandom
                                                                         | -Dartifactory.home=/opt/jfrog/artifactory
                                                                         | -Dfile.encoding=UTF8
                                                                         | -Djruby.compile.invokedynamic=false
                                                                         | -Djava.endorsed.dirs=/opt/jfrog/artifactory/tomcat/endorsed
                                                                         | -Dcatalina.base=/opt/jfrog/artifactory/tomcat
                                                                         | -Dcatalina.home=/opt/jfrog/artifactory/tomcat
                                                                         | -Djava.io.tmpdir=/opt/jfrog/artifactory/tomcat/temp

 Java Class Path Info
 ========================
   sun.boot.class.path                                                   | /usr/lib/jvm/java-8-openjdk-amd64/jre/lib/resources.jar
                                                                         | /usr/lib/jvm/java-8-openjdk-amd64/jre/lib/rt.jar
                                                                         | /usr/lib/jvm/java-8-openjdk-amd64/jre/lib/sunrsasign.jar
                                                                         | /usr/lib/jvm/java-8-openjdk-amd64/jre/lib/jsse.jar
                                                                         | /usr/lib/jvm/java-8-openjdk-amd64/jre/lib/jce.jar
                                                                         | /usr/lib/jvm/java-8-openjdk-amd64/jre/lib/charsets.jar
                                                                         | /usr/lib/jvm/java-8-openjdk-amd64/jre/lib/jfr.jar
                                                                         | /usr/lib/jvm/java-8-openjdk-amd64/jre/classes
   java.library.path                                                     | /usr/java/packages/lib/amd64:/usr/lib/x86_64-linux-gnu/jni:/lib/x86_64-linux-gnu:/usr/lib/x86_64-linux-gnu:/usr/lib/jni:/lib:/usr/lib
   java.endorsed.dirs                                                    | /opt/jfrog/artifactory/tomcat/endorsed
   java.ext.dirs                                                         | /usr/lib/jvm/java-8-openjdk-amd64/jre/lib/ext:/usr/java/packages/lib/ext
   java.class.path                                                       | /opt/jfrog/artifactory/tomcat/bin/bootstrap.jar
                                                                         | /opt/jfrog/artifactory/tomcat/bin/tomcat-juli.jar

2017-04-13 22:34:15,925 [art-init] [INFO ] (o.a.c.c.ConfigurationManagerImpl:378) - Replacing temporary DB channel with permanent DB channel
2017-04-13 22:34:15,928 [art-init] [INFO ] (o.a.c.c.ConfigurationManagerImpl:381) - Successfully closed temporary DB channel
2017-04-13 22:34:15,932 [art-init] [INFO ] (o.a.s.ArtifactoryApplicationContext:433) - Artifactory application context set to READY by refresh
2017-04-13 22:34:15,933 [art-init] [INFO ] (o.a.c.ConvertersManagerImpl:206) - Sending configuration update message to slaves
2017-04-13 22:34:15,952 [art-init] [INFO ] (o.a.w.s.ArtifactoryContextConfigListener:215) - 
###########################################################
### Artifactory successfully started (10.026 seconds)   ###
###########################################################

2017-04-13 22:52:52,262 [http-nio-8081-exec-3] [INFO ] (o.a.u.r.s.a.c.r.CreateRepositoryConfigService:86) - Creating repository gradle-dev-local
2017-04-13 22:52:52,304 [http-nio-8081-exec-3] [INFO ] (o.a.u.r.s.a.c.r.CreateRepositoryConfigService:86) - Creating repository gradle-release-local
2017-04-13 22:52:52,322 [http-nio-8081-exec-3] [INFO ] (o.a.u.r.s.a.c.r.CreateRepositoryConfigService:86) - Creating repository gradle-dev
2017-04-13 22:52:52,339 [http-nio-8081-exec-3] [INFO ] (o.a.u.r.s.a.c.r.CreateRepositoryConfigService:86) - Creating repository gradle-release
2017-04-13 22:52:52,708 [http-nio-8081-exec-3] [INFO ] (o.a.c.CentralConfigServiceImpl:394) - Reloading configuration...
2017-04-13 22:52:52,759 [http-nio-8081-exec-3] [INFO ] (o.a.c.CentralConfigServiceImpl:250) - Saving new configuration in storage...
2017-04-13 22:52:52,892 [http-nio-8081-exec-3] [INFO ] (o.a.c.CentralConfigServiceImpl:254) - New configuration saved.
2017-04-13 22:52:52,894 [http-nio-8081-exec-3] [INFO ] (o.a.s.ArtifactoryApplicationContext:433) - Artifactory application context set to NOT READY by reload
2017-04-13 22:52:53,343 [http-nio-8081-exec-3] [INFO ] (o.a.s.ArtifactoryApplicationContext:433) - Artifactory application context set to READY by reload
2017-04-13 22:52:53,346 [http-nio-8081-exec-3] [INFO ] (o.a.c.CentralConfigServiceImpl:406) - Configuration reloaded.
